#
# A fatal error has been detected by the Java Runtime Environment:
#
#  EXCEPTION_ACCESS_VIOLATION (0xc0000005) at pc=0x00007ffd8f966142, pid=7616, tid=10696
#
# JRE version: OpenJDK Runtime Environment Corretto-17.0.7.7.1 (17.0.7+7) (build 17.0.7+7-LTS)
# Java VM: OpenJDK 64-Bit Server VM Corretto-17.0.7.7.1 (17.0.7+7-LTS, mixed mode, sharing, tiered, compressed oops, compressed class ptrs, g1 gc, windows-amd64)
# Problematic frame:
# V  [jvm.dll+0x2c6142]
#
# No core dump will be written. Minidumps are not enabled by default on client versions of Windows
#
# If you would like to submit a bug report, please visit:
#   https://github.com/corretto/corretto-17/issues/
#

---------------  S U M M A R Y ------------

Command Line: -Dfile.encoding=windows-1252 -Duser.country=US -Duser.language=en -Duser.variant com.hcc.BackendApplication

Host: AMD A8-7600 Radeon R7, 10 Compute Cores 4C+6G  , 4 cores, 7G,  Windows 10 , 64 bit Build 19041 (10.0.19041.3031)
Time: Tue Jun 20 14:26:04 2023 Malay Peninsula Standard Time elapsed time: 7.854575 seconds (0d 0h 0m 7s)

---------------  T H R E A D  ---------------

Current thread (0x000001a177d43f20):  ConcurrentGCThread "G1 Conc#0" [stack: 0x00000095c7b00000,0x00000095c7c00000] [id=10696]

Stack: [0x00000095c7b00000,0x00000095c7c00000],  sp=0x00000095c7bff5d0,  free space=1021k
Native frames: (J=compiled Java code, j=interpreted, Vv=VM code, C=native code)
V  [jvm.dll+0x2c6142]
V  [jvm.dll+0x2c5e8f]
V  [jvm.dll+0x2c40bd]
V  [jvm.dll+0x2c3d01]
V  [jvm.dll+0x2d99fe]
V  [jvm.dll+0x2d5981]
V  [jvm.dll+0x2d721c]
V  [jvm.dll+0x2d62c4]
V  [jvm.dll+0x2daa86]
V  [jvm.dll+0x82d2eb]
V  [jvm.dll+0x82d336]
V  [jvm.dll+0x7b237a]
V  [jvm.dll+0x64a3a5]
C  [ucrtbase.dll+0x21bb2]
C  [KERNEL32.DLL+0x17614]
C  [ntdll.dll+0x526f1]


siginfo: EXCEPTION_ACCESS_VIOLATION (0xc0000005), reading address 0x00000000000000c0


Register to memory mapping:

RIP=0x00007ffd8f966142 jvm.dll
RAX=0x000001a177d01220 points into unknown readable memory: 0x0000000000000000 | 00 00 00 00 00 00 00 00
RBX=0x000001a177d452e0 points into unknown readable memory: 0x00007ffd8ffbc8a8 | a8 c8 fb 8f fd 7f 00 00
RCX=0x0000000000000014 is an unknown value
RDX=0x0 is NULL
RSP=0x00000095c7bff5d0 points into unknown readable memory: 0x000000000002625a | 5a 62 02 00 00 00 00 00
RBP=0x0 is NULL
RSI=0x000001a177d33050 points into unknown readable memory: 0x000001a177d43610 | 10 36 d4 77 a1 01 00 00
RDI=0x00000000c218b9a0 is an unallocated location in the heap
R8 =0x00000000c218b9a0 is an unallocated location in the heap
R9 =0x0 is NULL
R10=0x0000000000000005 is an unknown value
R11=0x0000000000000002 is an unknown value
R12=0x0 is NULL
R13=0xaaaaaaaaaaaaaaab is an unknown value
R14=0x0000000800205828 is pointing into metadata
R15=0x000000008218b978 is an oop: java.util.concurrent.CopyOnWriteArrayList 
{0x000000008218b978} - klass: 'java/util/concurrent/CopyOnWriteArrayList'
 - ---- fields (total size 3 words):
 - final transient 'lock' 'Ljava/lang/Object;' @12  a 'java/lang/Object'{0x000000008218b990} (8218b990)
 - private volatile transient 'array' '[Ljava/lang/Object;' @16  
[error occurred during error reporting (printing register info), id 0xc0000005, EXCEPTION_ACCESS_VIOLATION (0xc0000005) at pc=0x00007ffd8fa1d30e]

Registers:
RAX=0x000001a177d01220, RBX=0x000001a177d452e0, RCX=0x0000000000000014, RDX=0x0000000000000000
RSP=0x00000095c7bff5d0, RBP=0x0000000000000000, RSI=0x000001a177d33050, RDI=0x00000000c218b9a0
R8 =0x00000000c218b9a0, R9 =0x0000000000000000, R10=0x0000000000000005, R11=0x0000000000000002
R12=0x0000000000000000, R13=0xaaaaaaaaaaaaaaab, R14=0x0000000800205828, R15=0x000000008218b978
RIP=0x00007ffd8f966142, EFLAGS=0x0000000000010217

Top of Stack: (sp=0x00000095c7bff5d0)
0x00000095c7bff5d0:   000000000002625a 00007ffd8f966208
0x00000095c7bff5e0:   000029049434eb0d 00000095c7bffa48
0x00000095c7bff5f0:   00000000c218b9a0 00007ffd8f965e8f
0x00000095c7bff600:   000001a177d452e0 00000095c7bff7a0
0x00000095c7bff610:   0000000800205820 00000095c7bff7a0
0x00000095c7bff620:   000000008218b98c 00007ffd8f9640bd
0x00000095c7bff630:   000000008218b988 00007ffd8f9646dd
0x00000095c7bff640:   000000008218b938 00000008000544b0
0x00000095c7bff650:   00000095c7bff760 0000000000000001
0x00000095c7bff660:   000000008218b978 00007ffd8f963d01
0x00000095c7bff670:   0000000800205320 0000000000000003
0x00000095c7bff680:   00000095c7bff7a0 0000000000000000
0x00000095c7bff690:   000001a177d452e0 00007ffd8f9799fe
0x00000095c7bff6a0:   000000008218b978 000001a177d330a0
0x00000095c7bff6b0:   00000095c7bff760 00007ffd8fce4a6c
0x00000095c7bff6c0:   00000000000c0000 00007ffd8f975981 

Instructions: (pc=0x00007ffd8f966142)
0x00007ffd8f966042:   48 3b c8 75 ee 32 db 48 8b 6c 24 38 0f b6 c3 48
0x00007ffd8f966052:   8b 5c 24 30 48 8b 74 24 40 48 83 c4 20 5f c3 80
0x00007ffd8f966062:   3d c7 b2 87 00 00 b3 01 74 15 8b 57 08 8b 0d 53
0x00007ffd8f966072:   ed 80 00 48 d3 e2 48 03 15 41 ed 80 00 eb 04 48
0x00007ffd8f966082:   8b 57 08 48 8b cf e8 13 6e d5 ff 4c 63 d8 48 8b
0x00007ffd8f966092:   86 08 03 00 00 4c 8b 04 e8 49 8b 40 18 8b 88 c0
0x00007ffd8f9660a2:   01 00 00 48 8b 90 b8 01 00 00 48 d3 e2 8b 0d bb
0x00007ffd8f9660b2:   bb 87 00 48 2b fa 41 8b 50 60 48 d3 ef 44 8b d7
0x00007ffd8f9660c2:   49 23 d2 48 c1 e2 04 49 03 50 40 8b 02 3b c7 74
0x00007ffd8f9660d2:   2d 4c 8b 4a 08 4d 85 c9 74 0c 8b c8 49 8b 40 38
0x00007ffd8f9660e2:   f0 4c 0f c1 0c c8 48 c7 42 08 00 00 00 00 44 89
0x00007ffd8f9660f2:   12 49 ff 40 58 4c 01 5a 08 e9 49 ff ff ff 49 ff
0x00007ffd8f966102:   40 50 4c 01 5a 08 e9 3c ff ff ff cc cc cc 48 89
0x00007ffd8f966112:   6c 24 10 48 89 74 24 18 57 48 83 ec 20 48 8b 41
0x00007ffd8f966122:   08 48 8b f1 4d 8b c8 8b ea 49 8b f8 8b 88 c0 01
0x00007ffd8f966132:   00 00 48 8b 80 b0 01 00 00 49 d3 e9 4e 8b 0c c8
0x00007ffd8f966142:   4d 3b 81 c0 00 00 00 72 12 32 c0 48 8b 6c 24 38
0x00007ffd8f966152:   48 8b 74 24 40 48 83 c4 20 5f c3 48 89 5c 24 30
0x00007ffd8f966162:   48 8b d7 48 8b 9e 98 00 00 00 48 8b cb 48 8b 03
0x00007ffd8f966172:   ff 10 8b 4b 18 48 8b d7 48 2b 53 08 48 8b 43 20
0x00007ffd8f966182:   48 c1 ea 03 48 d3 ea 48 8b ca 48 c1 e9 06 4c 8d
0x00007ffd8f966192:   04 c8 0f b6 ca 49 8b 00 80 e1 3f ba 01 00 00 00
0x00007ffd8f9661a2:   48 d3 e2 48 8b c8 48 0b ca 48 3b c8 74 12 f0 49
0x00007ffd8f9661b2:   0f b1 08 74 25 48 8b c8 48 0b ca 48 3b c8 75 ee
0x00007ffd8f9661c2:   32 db 48 8b 6c 24 38 0f b6 c3 48 8b 5c 24 30 48
0x00007ffd8f9661d2:   8b 74 24 40 48 83 c4 20 5f c3 80 3d 4c b1 87 00
0x00007ffd8f9661e2:   00 b3 01 74 15 8b 57 08 8b 0d d8 eb 80 00 48 d3
0x00007ffd8f9661f2:   e2 48 03 15 c6 eb 80 00 eb 04 48 8b 57 08 48 8b
0x00007ffd8f966202:   cf e8 98 6c d5 ff 4c 63 d8 48 8b 86 08 03 00 00
0x00007ffd8f966212:   4c 8b 04 e8 49 8b 40 18 8b 88 c0 01 00 00 48 8b
0x00007ffd8f966222:   90 b8 01 00 00 48 d3 e2 8b 0d 40 ba 87 00 48 2b
0x00007ffd8f966232:   fa 41 8b 50 60 48 d3 ef 44 8b d7 49 23 d2 48 c1 


Stack slot to memory mapping:
stack at sp + 0 slots: 0x000000000002625a is an unknown value
stack at sp + 1 slots: 0x00007ffd8f966208 jvm.dll
stack at sp + 2 slots: 0x000029049434eb0d is an unknown value
stack at sp + 3 slots: 0x00000095c7bffa48 points into unknown readable memory: 0x0000000000000000 | 00 00 00 00 00 00 00 00
stack at sp + 4 slots: 0x00000000c218b9a0 is an unallocated location in the heap
stack at sp + 5 slots: 0x00007ffd8f965e8f jvm.dll
stack at sp + 6 slots: 0x000001a177d452e0 points into unknown readable memory: 0x00007ffd8ffbc8a8 | a8 c8 fb 8f fd 7f 00 00
stack at sp + 7 slots: 0x00000095c7bff7a0 points into unknown readable memory: 0x00007ffd8ffbc8c8 | c8 c8 fb 8f fd 7f 00 00


---------------  P R O C E S S  ---------------

Threads class SMR info:
_java_thread_list=0x000001a11ab19760, length=12, elements={
0x000001a177cd6590, 0x000001a1157bd390, 0x000001a1157be000, 0x000001a1157d11d0,
0x000001a1157d1b80, 0x000001a1157d2530, 0x000001a1157dbf10, 0x000001a1157dcca0,
0x000001a1157f3230, 0x000001a1158243f0, 0x000001a115a4a810, 0x000001a115a54ae0
}

Java Threads: ( => current thread )
  0x000001a177cd6590 JavaThread "main" [_thread_in_Java, id=9640, stack(0x00000095c7800000,0x00000095c7900000)]
  0x000001a1157bd390 JavaThread "Reference Handler" daemon [_thread_blocked, id=10144, stack(0x00000095c7f00000,0x00000095c8000000)]
  0x000001a1157be000 JavaThread "Finalizer" daemon [_thread_blocked, id=11640, stack(0x00000095c8000000,0x00000095c8100000)]
  0x000001a1157d11d0 JavaThread "Signal Dispatcher" daemon [_thread_blocked, id=10764, stack(0x00000095c8100000,0x00000095c8200000)]
  0x000001a1157d1b80 JavaThread "Attach Listener" daemon [_thread_blocked, id=12260, stack(0x00000095c8200000,0x00000095c8300000)]
  0x000001a1157d2530 JavaThread "Service Thread" daemon [_thread_blocked, id=8984, stack(0x00000095c8300000,0x00000095c8400000)]
  0x000001a1157dbf10 JavaThread "Monitor Deflation Thread" daemon [_thread_blocked, id=1156, stack(0x00000095c8400000,0x00000095c8500000)]
  0x000001a1157dcca0 JavaThread "C2 CompilerThread0" daemon [_thread_in_native, id=10564, stack(0x00000095c8500000,0x00000095c8600000)]
  0x000001a1157f3230 JavaThread "C1 CompilerThread0" daemon [_thread_in_native, id=11568, stack(0x00000095c8600000,0x00000095c8700000)]
  0x000001a1158243f0 JavaThread "Sweeper thread" daemon [_thread_blocked, id=1332, stack(0x00000095c8700000,0x00000095c8800000)]
  0x000001a115a4a810 JavaThread "Notification Thread" daemon [_thread_blocked, id=2488, stack(0x00000095c8800000,0x00000095c8900000)]
  0x000001a115a54ae0 JavaThread "Common-Cleaner" daemon [_thread_blocked, id=12812, stack(0x00000095c8a00000,0x00000095c8b00000)]

Other Threads:
  0x000001a1157b5fc0 VMThread "VM Thread" [stack: 0x00000095c7e00000,0x00000095c7f00000] [id=13796]
  0x000001a1157c16c0 WatcherThread [stack: 0x00000095c8900000,0x00000095c8a00000] [id=12456]
  0x000001a177d32b50 GCTaskThread "GC Thread#0" [stack: 0x00000095c7900000,0x00000095c7a00000] [id=11408]
  0x000001a11a5f5cd0 GCTaskThread "GC Thread#1" [stack: 0x00000095c8b00000,0x00000095c8c00000] [id=10656]
  0x000001a11a5f5f80 GCTaskThread "GC Thread#2" [stack: 0x00000095c8c00000,0x00000095c8d00000] [id=13236]
  0x000001a11a5ac280 GCTaskThread "GC Thread#3" [stack: 0x00000095c8d00000,0x00000095c8e00000] [id=9944]
  0x000001a177d43610 ConcurrentGCThread "G1 Main Marker" [stack: 0x00000095c7a00000,0x00000095c7b00000] [id=2124]
=>0x000001a177d43f20 ConcurrentGCThread "G1 Conc#0" [stack: 0x00000095c7b00000,0x00000095c7c00000] [id=10696]
  0x000001a177d9d5b0 ConcurrentGCThread "G1 Refine#0" [stack: 0x00000095c7c00000,0x00000095c7d00000] [id=7484]
  0x000001a177d9ded0 ConcurrentGCThread "G1 Service" [stack: 0x00000095c7d00000,0x00000095c7e00000] [id=6724]

Threads with active compile tasks:
C2 CompilerThread0     7901 3044   !   4       org.springframework.beans.factory.support.AbstractBeanFactory::getBeanPostProcessorCache (165 bytes)

VM state: not at safepoint (normal execution)

VM Mutex/Monitor currently owned by a thread: None

Heap address: 0x0000000081c00000, size: 2020 MB, Compressed Oops mode: 32-bit

CDS archive(s) mapped at: [0x0000000800000000-0x0000000800bc0000-0x0000000800bc0000), size 12320768, SharedBaseAddress: 0x0000000800000000, ArchiveRelocationMode: 0.
Compressed class space mapped at: 0x0000000801000000-0x0000000841000000, reserved size: 1073741824
Narrow klass base: 0x0000000800000000, Narrow klass shift: 0, Narrow klass range: 0x100000000

GC Precious Log:
 CPUs: 4 total, 4 available
 Memory: 8073M
 Large Page Support: Disabled
 NUMA Support: Disabled
 Compressed Oops: Enabled (32-bit)
 Heap Region Size: 1M
 Heap Min Capacity: 8M
 Heap Initial Capacity: 128M
 Heap Max Capacity: 2020M
 Pre-touch: Disabled
 Parallel Workers: 4
 Concurrent Workers: 1
 Concurrent Refinement Workers: 4
 Periodic GC: Disabled

Heap:
 garbage-first heap   total 131072K, used 13623K [0x0000000081c00000, 0x0000000100000000)
  region size 1024K, 9 young (9216K), 7 survivors (7168K)
 Metaspace       used 21605K, committed 21824K, reserved 1114112K
  class space    used 2737K, committed 2880K, reserved 1048576K

Heap Regions: E=young(eden), S=young(survivor), O=old, HS=humongous(starts), HC=humongous(continues), CS=collection set, F=free, OA=open archive, CA=closed archive, TAMS=top-at-mark-start (previous, next)
|   0|0x0000000081c00000, 0x0000000081d00000, 0x0000000081d00000|100%|HS|  |TAMS 0x0000000081c00000, 0x0000000081d00000| Complete 
|   1|0x0000000081d00000, 0x0000000081e00000, 0x0000000081e00000|100%| O|  |TAMS 0x0000000081d00000, 0x0000000081e00000| Untracked 
|   2|0x0000000081e00000, 0x0000000081f00000, 0x0000000081f00000|100%| O|  |TAMS 0x0000000081e00000, 0x0000000081f00000| Untracked 
|   3|0x0000000081f00000, 0x0000000082000000, 0x0000000082000000|100%| O|  |TAMS 0x0000000081f00000, 0x0000000082000000| Untracked 
|   4|0x0000000082000000, 0x0000000082100000, 0x0000000082100000|100%| O|  |TAMS 0x0000000082000000, 0x0000000082100000| Untracked 
|   5|0x0000000082100000, 0x0000000082200000, 0x0000000082200000|100%| O|  |TAMS 0x0000000082100000, 0x0000000082200000| Untracked 
|   6|0x0000000082200000, 0x0000000082231a00, 0x0000000082300000| 19%| O|  |TAMS 0x0000000082200000, 0x0000000082231a00| Untracked 
|   7|0x0000000082300000, 0x0000000082300000, 0x0000000082400000|  0%| F|  |TAMS 0x0000000082300000, 0x0000000082300000| Untracked 
|   8|0x0000000082400000, 0x0000000082400000, 0x0000000082500000|  0%| F|  |TAMS 0x0000000082400000, 0x0000000082400000| Untracked 
|   9|0x0000000082500000, 0x0000000082500000, 0x0000000082600000|  0%| F|  |TAMS 0x0000000082500000, 0x0000000082500000| Untracked 
|  10|0x0000000082600000, 0x0000000082600000, 0x0000000082700000|  0%| F|  |TAMS 0x0000000082600000, 0x0000000082600000| Untracked 
|  11|0x0000000082700000, 0x0000000082700000, 0x0000000082800000|  0%| F|  |TAMS 0x0000000082700000, 0x0000000082700000| Untracked 
|  12|0x0000000082800000, 0x0000000082800000, 0x0000000082900000|  0%| F|  |TAMS 0x0000000082800000, 0x0000000082800000| Untracked 
|  13|0x0000000082900000, 0x0000000082900000, 0x0000000082a00000|  0%| F|  |TAMS 0x0000000082900000, 0x0000000082900000| Untracked 
|  14|0x0000000082a00000, 0x0000000082a00000, 0x0000000082b00000|  0%| F|  |TAMS 0x0000000082a00000, 0x0000000082a00000| Untracked 
|  15|0x0000000082b00000, 0x0000000082b00000, 0x0000000082c00000|  0%| F|  |TAMS 0x0000000082b00000, 0x0000000082b00000| Untracked 
|  16|0x0000000082c00000, 0x0000000082c00000, 0x0000000082d00000|  0%| F|  |TAMS 0x0000000082c00000, 0x0000000082c00000| Untracked 
|  17|0x0000000082d00000, 0x0000000082d00000, 0x0000000082e00000|  0%| F|  |TAMS 0x0000000082d00000, 0x0000000082d00000| Untracked 
|  18|0x0000000082e00000, 0x0000000082e00000, 0x0000000082f00000|  0%| F|  |TAMS 0x0000000082e00000, 0x0000000082e00000| Untracked 
|  19|0x0000000082f00000, 0x0000000082f00000, 0x0000000083000000|  0%| F|  |TAMS 0x0000000082f00000, 0x0000000082f00000| Untracked 
|  20|0x0000000083000000, 0x0000000083000000, 0x0000000083100000|  0%| F|  |TAMS 0x0000000083000000, 0x0000000083000000| Untracked 
|  21|0x0000000083100000, 0x0000000083100000, 0x0000000083200000|  0%| F|  |TAMS 0x0000000083100000, 0x0000000083100000| Untracked 
|  22|0x0000000083200000, 0x0000000083200000, 0x0000000083300000|  0%| F|  |TAMS 0x0000000083200000, 0x0000000083200000| Untracked 
|  23|0x0000000083300000, 0x0000000083300000, 0x0000000083400000|  0%| F|  |TAMS 0x0000000083300000, 0x0000000083300000| Untracked 
|  24|0x0000000083400000, 0x0000000083400000, 0x0000000083500000|  0%| F|  |TAMS 0x0000000083400000, 0x0000000083400000| Untracked 
|  25|0x0000000083500000, 0x0000000083500000, 0x0000000083600000|  0%| F|  |TAMS 0x0000000083500000, 0x0000000083500000| Untracked 
|  26|0x0000000083600000, 0x0000000083600000, 0x0000000083700000|  0%| F|  |TAMS 0x0000000083600000, 0x0000000083600000| Untracked 
|  27|0x0000000083700000, 0x0000000083700000, 0x0000000083800000|  0%| F|  |TAMS 0x0000000083700000, 0x0000000083700000| Untracked 
|  28|0x0000000083800000, 0x0000000083800000, 0x0000000083900000|  0%| F|  |TAMS 0x0000000083800000, 0x0000000083800000| Untracked 
|  29|0x0000000083900000, 0x0000000083900000, 0x0000000083a00000|  0%| F|  |TAMS 0x0000000083900000, 0x0000000083900000| Untracked 
|  30|0x0000000083a00000, 0x0000000083a00000, 0x0000000083b00000|  0%| F|  |TAMS 0x0000000083a00000, 0x0000000083a00000| Untracked 
|  31|0x0000000083b00000, 0x0000000083b00000, 0x0000000083c00000|  0%| F|  |TAMS 0x0000000083b00000, 0x0000000083b00000| Untracked 
|  32|0x0000000083c00000, 0x0000000083c00000, 0x0000000083d00000|  0%| F|  |TAMS 0x0000000083c00000, 0x0000000083c00000| Untracked 
|  33|0x0000000083d00000, 0x0000000083d00000, 0x0000000083e00000|  0%| F|  |TAMS 0x0000000083d00000, 0x0000000083d00000| Untracked 
|  34|0x0000000083e00000, 0x0000000083e00000, 0x0000000083f00000|  0%| F|  |TAMS 0x0000000083e00000, 0x0000000083e00000| Untracked 
|  35|0x0000000083f00000, 0x0000000083f00000, 0x0000000084000000|  0%| F|  |TAMS 0x0000000083f00000, 0x0000000083f00000| Untracked 
|  36|0x0000000084000000, 0x0000000084000000, 0x0000000084100000|  0%| F|  |TAMS 0x0000000084000000, 0x0000000084000000| Untracked 
|  37|0x0000000084100000, 0x0000000084100000, 0x0000000084200000|  0%| F|  |TAMS 0x0000000084100000, 0x0000000084100000| Untracked 
|  38|0x0000000084200000, 0x0000000084200000, 0x0000000084300000|  0%| F|  |TAMS 0x0000000084200000, 0x0000000084200000| Untracked 
|  39|0x0000000084300000, 0x0000000084300000, 0x0000000084400000|  0%| F|  |TAMS 0x0000000084300000, 0x0000000084300000| Untracked 
|  40|0x0000000084400000, 0x0000000084400000, 0x0000000084500000|  0%| F|  |TAMS 0x0000000084400000, 0x0000000084400000| Untracked 
|  41|0x0000000084500000, 0x0000000084500000, 0x0000000084600000|  0%| F|  |TAMS 0x0000000084500000, 0x0000000084500000| Untracked 
|  42|0x0000000084600000, 0x0000000084600000, 0x0000000084700000|  0%| F|  |TAMS 0x0000000084600000, 0x0000000084600000| Untracked 
|  43|0x0000000084700000, 0x0000000084700000, 0x0000000084800000|  0%| F|  |TAMS 0x0000000084700000, 0x0000000084700000| Untracked 
|  44|0x0000000084800000, 0x0000000084800000, 0x0000000084900000|  0%| F|  |TAMS 0x0000000084800000, 0x0000000084800000| Untracked 
|  45|0x0000000084900000, 0x0000000084900000, 0x0000000084a00000|  0%| F|  |TAMS 0x0000000084900000, 0x0000000084900000| Untracked 
|  46|0x0000000084a00000, 0x0000000084a00000, 0x0000000084b00000|  0%| F|  |TAMS 0x0000000084a00000, 0x0000000084a00000| Untracked 
|  47|0x0000000084b00000, 0x0000000084b00000, 0x0000000084c00000|  0%| F|  |TAMS 0x0000000084b00000, 0x0000000084b00000| Untracked 
|  48|0x0000000084c00000, 0x0000000084c00000, 0x0000000084d00000|  0%| F|  |TAMS 0x0000000084c00000, 0x0000000084c00000| Untracked 
|  49|0x0000000084d00000, 0x0000000084d00000, 0x0000000084e00000|  0%| F|  |TAMS 0x0000000084d00000, 0x0000000084d00000| Untracked 
|  50|0x0000000084e00000, 0x0000000084e00000, 0x0000000084f00000|  0%| F|  |TAMS 0x0000000084e00000, 0x0000000084e00000| Untracked 
|  51|0x0000000084f00000, 0x0000000084f00000, 0x0000000085000000|  0%| F|  |TAMS 0x0000000084f00000, 0x0000000084f00000| Untracked 
|  52|0x0000000085000000, 0x000000008501c548, 0x0000000085100000| 11%| S|CS|TAMS 0x0000000085000000, 0x0000000085000000| Complete 
|  53|0x0000000085100000, 0x0000000085200000, 0x0000000085200000|100%| S|CS|TAMS 0x0000000085100000, 0x0000000085100000| Complete 
|  54|0x0000000085200000, 0x0000000085300000, 0x0000000085300000|100%| S|CS|TAMS 0x0000000085200000, 0x0000000085200000| Complete 
|  55|0x0000000085300000, 0x0000000085400000, 0x0000000085400000|100%| S|CS|TAMS 0x0000000085300000, 0x0000000085300000| Complete 
|  56|0x0000000085400000, 0x0000000085500000, 0x0000000085500000|100%| S|CS|TAMS 0x0000000085400000, 0x0000000085400000| Complete 
|  57|0x0000000085500000, 0x0000000085600000, 0x0000000085600000|100%| S|CS|TAMS 0x0000000085500000, 0x0000000085500000| Complete 
|  58|0x0000000085600000, 0x0000000085700000, 0x0000000085700000|100%| S|CS|TAMS 0x0000000085600000, 0x0000000085600000| Complete 
|  59|0x0000000085700000, 0x0000000085700000, 0x0000000085800000|  0%| F|  |TAMS 0x0000000085700000, 0x0000000085700000| Untracked 
|  60|0x0000000085800000, 0x0000000085800000, 0x0000000085900000|  0%| F|  |TAMS 0x0000000085800000, 0x0000000085800000| Untracked 
|  61|0x0000000085900000, 0x0000000085900000, 0x0000000085a00000|  0%| F|  |TAMS 0x0000000085900000, 0x0000000085900000| Untracked 
|  62|0x0000000085a00000, 0x0000000085a00000, 0x0000000085b00000|  0%| F|  |TAMS 0x0000000085a00000, 0x0000000085a00000| Untracked 
|  63|0x0000000085b00000, 0x0000000085b00000, 0x0000000085c00000|  0%| F|  |TAMS 0x0000000085b00000, 0x0000000085b00000| Untracked 
|  64|0x0000000085c00000, 0x0000000085c00000, 0x0000000085d00000|  0%| F|  |TAMS 0x0000000085c00000, 0x0000000085c00000| Untracked 
|  65|0x0000000085d00000, 0x0000000085d00000, 0x0000000085e00000|  0%| F|  |TAMS 0x0000000085d00000, 0x0000000085d00000| Untracked 
|  66|0x0000000085e00000, 0x0000000085e00000, 0x0000000085f00000|  0%| F|  |TAMS 0x0000000085e00000, 0x0000000085e00000| Untracked 
|  67|0x0000000085f00000, 0x0000000085f00000, 0x0000000086000000|  0%| F|  |TAMS 0x0000000085f00000, 0x0000000085f00000| Untracked 
|  68|0x0000000086000000, 0x0000000086000000, 0x0000000086100000|  0%| F|  |TAMS 0x0000000086000000, 0x0000000086000000| Untracked 
|  69|0x0000000086100000, 0x0000000086100000, 0x0000000086200000|  0%| F|  |TAMS 0x0000000086100000, 0x0000000086100000| Untracked 
|  70|0x0000000086200000, 0x0000000086200000, 0x0000000086300000|  0%| F|  |TAMS 0x0000000086200000, 0x0000000086200000| Untracked 
|  71|0x0000000086300000, 0x0000000086300000, 0x0000000086400000|  0%| F|  |TAMS 0x0000000086300000, 0x0000000086300000| Untracked 
|  72|0x0000000086400000, 0x0000000086400000, 0x0000000086500000|  0%| F|  |TAMS 0x0000000086400000, 0x0000000086400000| Untracked 
|  73|0x0000000086500000, 0x0000000086500000, 0x0000000086600000|  0%| F|  |TAMS 0x0000000086500000, 0x0000000086500000| Untracked 
|  74|0x0000000086600000, 0x0000000086600000, 0x0000000086700000|  0%| F|  |TAMS 0x0000000086600000, 0x0000000086600000| Untracked 
|  75|0x0000000086700000, 0x0000000086700000, 0x0000000086800000|  0%| F|  |TAMS 0x0000000086700000, 0x0000000086700000| Untracked 
|  76|0x0000000086800000, 0x0000000086800000, 0x0000000086900000|  0%| F|  |TAMS 0x0000000086800000, 0x0000000086800000| Untracked 
|  77|0x0000000086900000, 0x0000000086900000, 0x0000000086a00000|  0%| F|  |TAMS 0x0000000086900000, 0x0000000086900000| Untracked 
|  78|0x0000000086a00000, 0x0000000086a00000, 0x0000000086b00000|  0%| F|  |TAMS 0x0000000086a00000, 0x0000000086a00000| Untracked 
|  79|0x0000000086b00000, 0x0000000086b00000, 0x0000000086c00000|  0%| F|  |TAMS 0x0000000086b00000, 0x0000000086b00000| Untracked 
|  80|0x0000000086c00000, 0x0000000086c00000, 0x0000000086d00000|  0%| F|  |TAMS 0x0000000086c00000, 0x0000000086c00000| Untracked 
|  81|0x0000000086d00000, 0x0000000086d00000, 0x0000000086e00000|  0%| F|  |TAMS 0x0000000086d00000, 0x0000000086d00000| Untracked 
|  82|0x0000000086e00000, 0x0000000086e00000, 0x0000000086f00000|  0%| F|  |TAMS 0x0000000086e00000, 0x0000000086e00000| Untracked 
|  83|0x0000000086f00000, 0x0000000086f00000, 0x0000000087000000|  0%| F|  |TAMS 0x0000000086f00000, 0x0000000086f00000| Untracked 
|  84|0x0000000087000000, 0x0000000087000000, 0x0000000087100000|  0%| F|  |TAMS 0x0000000087000000, 0x0000000087000000| Untracked 
|  85|0x0000000087100000, 0x0000000087100000, 0x0000000087200000|  0%| F|  |TAMS 0x0000000087100000, 0x0000000087100000| Untracked 
|  86|0x0000000087200000, 0x0000000087200000, 0x0000000087300000|  0%| F|  |TAMS 0x0000000087200000, 0x0000000087200000| Untracked 
|  87|0x0000000087300000, 0x0000000087300000, 0x0000000087400000|  0%| F|  |TAMS 0x0000000087300000, 0x0000000087300000| Untracked 
|  88|0x0000000087400000, 0x0000000087400000, 0x0000000087500000|  0%| F|  |TAMS 0x0000000087400000, 0x0000000087400000| Untracked 
|  89|0x0000000087500000, 0x0000000087500000, 0x0000000087600000|  0%| F|  |TAMS 0x0000000087500000, 0x0000000087500000| Untracked 
|  90|0x0000000087600000, 0x0000000087600000, 0x0000000087700000|  0%| F|  |TAMS 0x0000000087600000, 0x0000000087600000| Untracked 
|  91|0x0000000087700000, 0x0000000087700000, 0x0000000087800000|  0%| F|  |TAMS 0x0000000087700000, 0x0000000087700000| Untracked 
|  92|0x0000000087800000, 0x0000000087800000, 0x0000000087900000|  0%| F|  |TAMS 0x0000000087800000, 0x0000000087800000| Untracked 
|  93|0x0000000087900000, 0x0000000087900000, 0x0000000087a00000|  0%| F|  |TAMS 0x0000000087900000, 0x0000000087900000| Untracked 
|  94|0x0000000087a00000, 0x0000000087a00000, 0x0000000087b00000|  0%| F|  |TAMS 0x0000000087a00000, 0x0000000087a00000| Untracked 
|  95|0x0000000087b00000, 0x0000000087b00000, 0x0000000087c00000|  0%| F|  |TAMS 0x0000000087b00000, 0x0000000087b00000| Untracked 
|  96|0x0000000087c00000, 0x0000000087c00000, 0x0000000087d00000|  0%| F|  |TAMS 0x0000000087c00000, 0x0000000087c00000| Untracked 
|  97|0x0000000087d00000, 0x0000000087d00000, 0x0000000087e00000|  0%| F|  |TAMS 0x0000000087d00000, 0x0000000087d00000| Untracked 
|  98|0x0000000087e00000, 0x0000000087e00000, 0x0000000087f00000|  0%| F|  |TAMS 0x0000000087e00000, 0x0000000087e00000| Untracked 
|  99|0x0000000087f00000, 0x0000000087f00000, 0x0000000088000000|  0%| F|  |TAMS 0x0000000087f00000, 0x0000000087f00000| Untracked 
| 100|0x0000000088000000, 0x0000000088000000, 0x0000000088100000|  0%| F|  |TAMS 0x0000000088000000, 0x0000000088000000| Untracked 
| 101|0x0000000088100000, 0x0000000088100000, 0x0000000088200000|  0%| F|  |TAMS 0x0000000088100000, 0x0000000088100000| Untracked 
| 102|0x0000000088200000, 0x0000000088200000, 0x0000000088300000|  0%| F|  |TAMS 0x0000000088200000, 0x0000000088200000| Untracked 
| 103|0x0000000088300000, 0x0000000088300000, 0x0000000088400000|  0%| F|  |TAMS 0x0000000088300000, 0x0000000088300000| Untracked 
| 104|0x0000000088400000, 0x0000000088400000, 0x0000000088500000|  0%| F|  |TAMS 0x0000000088400000, 0x0000000088400000| Untracked 
| 105|0x0000000088500000, 0x0000000088500000, 0x0000000088600000|  0%| F|  |TAMS 0x0000000088500000, 0x0000000088500000| Untracked 
| 106|0x0000000088600000, 0x0000000088600000, 0x0000000088700000|  0%| F|  |TAMS 0x0000000088600000, 0x0000000088600000| Untracked 
| 107|0x0000000088700000, 0x0000000088700000, 0x0000000088800000|  0%| F|  |TAMS 0x0000000088700000, 0x0000000088700000| Untracked 
| 108|0x0000000088800000, 0x0000000088800000, 0x0000000088900000|  0%| F|  |TAMS 0x0000000088800000, 0x0000000088800000| Untracked 
| 109|0x0000000088900000, 0x0000000088900000, 0x0000000088a00000|  0%| F|  |TAMS 0x0000000088900000, 0x0000000088900000| Untracked 
| 110|0x0000000088a00000, 0x0000000088a00000, 0x0000000088b00000|  0%| F|  |TAMS 0x0000000088a00000, 0x0000000088a00000| Untracked 
| 111|0x0000000088b00000, 0x0000000088b00000, 0x0000000088c00000|  0%| F|  |TAMS 0x0000000088b00000, 0x0000000088b00000| Untracked 
| 112|0x0000000088c00000, 0x0000000088c00000, 0x0000000088d00000|  0%| F|  |TAMS 0x0000000088c00000, 0x0000000088c00000| Untracked 
| 113|0x0000000088d00000, 0x0000000088d00000, 0x0000000088e00000|  0%| F|  |TAMS 0x0000000088d00000, 0x0000000088d00000| Untracked 
| 114|0x0000000088e00000, 0x0000000088e00000, 0x0000000088f00000|  0%| F|  |TAMS 0x0000000088e00000, 0x0000000088e00000| Untracked 
| 115|0x0000000088f00000, 0x0000000088f00000, 0x0000000089000000|  0%| F|  |TAMS 0x0000000088f00000, 0x0000000088f00000| Untracked 
| 116|0x0000000089000000, 0x0000000089000000, 0x0000000089100000|  0%| F|  |TAMS 0x0000000089000000, 0x0000000089000000| Untracked 
| 117|0x0000000089100000, 0x0000000089100000, 0x0000000089200000|  0%| F|  |TAMS 0x0000000089100000, 0x0000000089100000| Untracked 
| 118|0x0000000089200000, 0x0000000089200000, 0x0000000089300000|  0%| F|  |TAMS 0x0000000089200000, 0x0000000089200000| Untracked 
| 119|0x0000000089300000, 0x0000000089300000, 0x0000000089400000|  0%| F|  |TAMS 0x0000000089300000, 0x0000000089300000| Untracked 
| 120|0x0000000089400000, 0x0000000089400000, 0x0000000089500000|  0%| F|  |TAMS 0x0000000089400000, 0x0000000089400000| Untracked 
| 121|0x0000000089500000, 0x0000000089500000, 0x0000000089600000|  0%| F|  |TAMS 0x0000000089500000, 0x0000000089500000| Untracked 
| 122|0x0000000089600000, 0x0000000089600000, 0x0000000089700000|  0%| F|  |TAMS 0x0000000089600000, 0x0000000089600000| Untracked 
| 123|0x0000000089700000, 0x0000000089700000, 0x0000000089800000|  0%| F|  |TAMS 0x0000000089700000, 0x0000000089700000| Untracked 
| 124|0x0000000089800000, 0x0000000089800000, 0x0000000089900000|  0%| F|  |TAMS 0x0000000089800000, 0x0000000089800000| Untracked 
| 125|0x0000000089900000, 0x0000000089900000, 0x0000000089a00000|  0%| F|  |TAMS 0x0000000089900000, 0x0000000089900000| Untracked 
| 126|0x0000000089a00000, 0x0000000089b00000, 0x0000000089b00000|100%| E|  |TAMS 0x0000000089a00000, 0x0000000089a00000| Complete 
| 127|0x0000000089b00000, 0x0000000089c00000, 0x0000000089c00000|100%| E|CS|TAMS 0x0000000089b00000, 0x0000000089b00000| Complete 

Card table byte_map: [0x000001a17fbe0000,0x000001a17ffe0000] _byte_map_base: 0x000001a17f7d2000

Marking Bits (Prev, Next): (CMBitMap*) 0x000001a177d33060, (CMBitMap*) 0x000001a177d330a0
 Prev Bits: [0x000001a10f400000, 0x000001a111390000)
 Next Bits: [0x000001a111390000, 0x000001a113320000)

Polling page: 0x000001a175cc0000

Metaspace:

Usage:
  Non-class:     18.43 MB used.
      Class:      2.68 MB used.
       Both:     21.11 MB used.

Virtual space:
  Non-class space:       64.00 MB reserved,      18.50 MB ( 29%) committed,  1 nodes.
      Class space:        1.00 GB reserved,       2.81 MB ( <1%) committed,  1 nodes.
             Both:        1.06 GB reserved,      21.31 MB (  2%) committed. 

Chunk freelists:
   Non-Class:  13.44 MB
       Class:  13.09 MB
        Both:  26.53 MB

MaxMetaspaceSize: unlimited
CompressedClassSpaceSize: 1.00 GB
Initial GC threshold: 21.00 MB
Current GC threshold: 21.31 MB
CDS: on
MetaspaceReclaimPolicy: balanced
 - commit_granule_bytes: 65536.
 - commit_granule_words: 8192.
 - virtual_space_node_default_size: 8388608.
 - enlarge_chunks_in_place: 1.
 - new_chunks_are_fully_committed: 0.
 - uncommit_free_chunks: 1.
 - use_allocation_guard: 0.
 - handle_deallocations: 1.


Internal statistics:

num_allocs_failed_limit: 5.
num_arena_births: 202.
num_arena_deaths: 0.
num_vsnodes_births: 2.
num_vsnodes_deaths: 0.
num_space_committed: 341.
num_space_uncommitted: 0.
num_chunks_returned_to_freelist: 5.
num_chunks_taken_from_freelist: 963.
num_chunk_merges: 0.
num_chunk_splits: 659.
num_chunks_enlarged: 520.
num_inconsistent_stats: 0.

CodeHeap 'non-profiled nmethods': size=120000Kb used=1264Kb max_used=1264Kb free=118735Kb
 bounds [0x000001a107ad0000, 0x000001a107d40000, 0x000001a10f000000]
CodeHeap 'profiled nmethods': size=120000Kb used=6868Kb max_used=6868Kb free=113131Kb
 bounds [0x000001a100000000, 0x000001a1006c0000, 0x000001a107530000]
CodeHeap 'non-nmethods': size=5760Kb used=1178Kb max_used=1220Kb free=4581Kb
 bounds [0x000001a107530000, 0x000001a1077a0000, 0x000001a107ad0000]
 total_blobs=3547 nmethods=3079 adapters=381
 compilation: enabled
              stopped_count=0, restarted_count=0
 full_count=0

Compilation events (20 events):
Event: 7.779 Thread 0x000001a1157f3230 3054       3       org.springframework.util.ConcurrentReferenceHashMap$Segment::findInChain (66 bytes)
Event: 7.780 Thread 0x000001a1157f3230 nmethod 3054 0x000001a10069e010 code [0x000001a10069e200, 0x000001a10069e758]
Event: 7.781 Thread 0x000001a1157f3230 3055       3       org.springframework.core.ResolvableType::forMethodParameter (40 bytes)
Event: 7.782 Thread 0x000001a1157f3230 nmethod 3055 0x000001a10069e910 code [0x000001a10069eb60, 0x000001a10069f568]
Event: 7.788 Thread 0x000001a1157f3230 3056   !   3       java.lang.ClassLoader::addClass (27 bytes)
Event: 7.788 Thread 0x000001a1157f3230 nmethod 3056 0x000001a10069f910 code [0x000001a10069fae0, 0x000001a1006a0108]
Event: 7.806 Thread 0x000001a1157f3230 3057   !   3       java.lang.ref.ReferenceQueue::remove (125 bytes)
Event: 7.807 Thread 0x000001a1157f3230 nmethod 3057 0x000001a1006a0410 code [0x000001a1006a0620, 0x000001a1006a0dd8]
Event: 7.807 Thread 0x000001a1157f3230 3060       3       java.lang.invoke.MethodHandleNatives$CallSiteContext::run (5 bytes)
Event: 7.807 Thread 0x000001a1157f3230 nmethod 3060 0x000001a1006a1110 code [0x000001a1006a12a0, 0x000001a1006a13c8]
Event: 7.807 Thread 0x000001a1157f3230 3058   !   3       jdk.internal.ref.PhantomCleanable::isListEmpty (34 bytes)
Event: 7.808 Thread 0x000001a1157f3230 nmethod 3058 0x000001a1006a1490 code [0x000001a1006a1620, 0x000001a1006a1878]
Event: 7.808 Thread 0x000001a1157f3230 3059       3       jdk.internal.misc.InnocuousThread::eraseThreadLocals (23 bytes)
Event: 7.808 Thread 0x000001a1157f3230 nmethod 3059 0x000001a1006a1990 code [0x000001a1006a1b20, 0x000001a1006a1d18]
Event: 7.816 Thread 0x000001a1157f3230 3062       3       org.springframework.util.ConcurrentReferenceHashMap::getReference (18 bytes)
Event: 7.817 Thread 0x000001a1157f3230 nmethod 3062 0x000001a1006a1d90 code [0x000001a1006a1f40, 0x000001a1006a2178]
Event: 7.817 Thread 0x000001a1157f3230 3063       3       org.springframework.util.ConcurrentReferenceHashMap$Segment::getReference (55 bytes)
Event: 7.817 Thread 0x000001a1157f3230 nmethod 3063 0x000001a1006a2310 code [0x000001a1006a24e0, 0x000001a1006a27d8]
Event: 7.817 Thread 0x000001a1157f3230 3064       3       org.springframework.core.annotation.MergedAnnotations::from (8 bytes)
Event: 7.818 Thread 0x000001a1157f3230 nmethod 3064 0x000001a1006a2990 code [0x000001a1006a2b80, 0x000001a1006a3098]

GC Heap History (8 events):
Event: 1.366 GC heap before
{Heap before GC invocations=0 (full 0):
 garbage-first heap   total 131072K, used 13312K [0x0000000081c00000, 0x0000000100000000)
  region size 1024K, 13 young (13312K), 0 survivors (0K)
 Metaspace       used 3065K, committed 3200K, reserved 1114112K
  class space    used 307K, committed 384K, reserved 1048576K
}
Event: 1.396 GC heap after
{Heap after GC invocations=1 (full 0):
 garbage-first heap   total 131072K, used 6253K [0x0000000081c00000, 0x0000000100000000)
  region size 1024K, 2 young (2048K), 2 survivors (2048K)
 Metaspace       used 3065K, committed 3200K, reserved 1114112K
  class space    used 307K, committed 384K, reserved 1048576K
}
Event: 3.081 GC heap before
{Heap before GC invocations=1 (full 0):
 garbage-first heap   total 131072K, used 16493K [0x0000000081c00000, 0x0000000100000000)
  region size 1024K, 12 young (12288K), 2 survivors (2048K)
 Metaspace       used 5746K, committed 5888K, reserved 1114112K
  class space    used 677K, committed 768K, reserved 1048576K
}
Event: 3.086 GC heap after
{Heap after GC invocations=2 (full 0):
 garbage-first heap   total 131072K, used 7366K [0x0000000081c00000, 0x0000000100000000)
  region size 1024K, 1 young (1024K), 1 survivors (1024K)
 Metaspace       used 5746K, committed 5888K, reserved 1114112K
  class space    used 677K, committed 768K, reserved 1048576K
}
Event: 4.132 GC heap before
{Heap before GC invocations=2 (full 0):
 garbage-first heap   total 131072K, used 27846K [0x0000000081c00000, 0x0000000100000000)
  region size 1024K, 22 young (22528K), 1 survivors (1024K)
 Metaspace       used 11142K, committed 11392K, reserved 1114112K
  class space    used 1337K, committed 1472K, reserved 1048576K
}
Event: 4.139 GC heap after
{Heap after GC invocations=3 (full 0):
 garbage-first heap   total 131072K, used 8439K [0x0000000081c00000, 0x0000000100000000)
  region size 1024K, 3 young (3072K), 3 survivors (3072K)
 Metaspace       used 11142K, committed 11392K, reserved 1114112K
  class space    used 1337K, committed 1472K, reserved 1048576K
}
Event: 7.789 GC heap before
{Heap before GC invocations=3 (full 0):
 garbage-first heap   total 131072K, used 74999K [0x0000000081c00000, 0x0000000100000000)
  region size 1024K, 69 young (70656K), 3 survivors (3072K)
 Metaspace       used 21264K, committed 21504K, reserved 1114112K
  class space    used 2678K, committed 2816K, reserved 1048576K
}
Event: 7.806 GC heap after
{Heap after GC invocations=4 (full 0):
 garbage-first heap   total 131072K, used 12599K [0x0000000081c00000, 0x0000000100000000)
  region size 1024K, 7 young (7168K), 7 survivors (7168K)
 Metaspace       used 21264K, committed 21504K, reserved 1114112K
  class space    used 2678K, committed 2816K, reserved 1048576K
}

Dll operation events (9 events):
Event: 0.035 Loaded shared library C:\Users\SZ-Agent\.jdks\corretto-17.0.7\bin\java.dll
Event: 0.050 Loaded shared library C:\Users\SZ-Agent\.jdks\corretto-17.0.7\bin\jsvml.dll
Event: 0.282 Loaded shared library C:\Users\SZ-Agent\.jdks\corretto-17.0.7\bin\net.dll
Event: 0.291 Loaded shared library C:\Users\SZ-Agent\.jdks\corretto-17.0.7\bin\nio.dll
Event: 0.296 Loaded shared library C:\Users\SZ-Agent\.jdks\corretto-17.0.7\bin\zip.dll
Event: 0.515 Loaded shared library C:\Users\SZ-Agent\.jdks\corretto-17.0.7\bin\verify.dll
Event: 0.530 Loaded shared library C:\Users\SZ-Agent\.jdks\corretto-17.0.7\bin\jimage.dll
Event: 3.308 Loaded shared library C:\Users\SZ-Agent\.jdks\corretto-17.0.7\bin\management.dll
Event: 3.316 Loaded shared library C:\Users\SZ-Agent\.jdks\corretto-17.0.7\bin\management_ext.dll

Deoptimization events (20 events):
Event: 7.498 Thread 0x000001a177cd6590 Uncommon trap: trap_request=0xffffff45 fr.pc=0x000001a107beb92c relative=0x00000000000005ec
Event: 7.498 Thread 0x000001a177cd6590 Uncommon trap: reason=unstable_if action=reinterpret pc=0x000001a107beb92c method=org.springframework.beans.factory.support.AbstractBeanFactory.hasInstantiationAwareBeanPostProcessors()Z @ 12 c2
Event: 7.498 Thread 0x000001a177cd6590 DEOPT PACKING pc=0x000001a107beb92c sp=0x00000095c78febc0
Event: 7.498 Thread 0x000001a177cd6590 DEOPT UNPACKING pc=0x000001a1075869a3 sp=0x00000095c78fea88 mode 2
Event: 7.629 Thread 0x000001a177cd6590 Uncommon trap: trap_request=0xffffff45 fr.pc=0x000001a107bc9010 relative=0x0000000000000a30
Event: 7.629 Thread 0x000001a177cd6590 Uncommon trap: reason=unstable_if action=reinterpret pc=0x000001a107bc9010 method=org.springframework.beans.factory.support.DefaultSingletonBeanRegistry.getSingleton(Ljava/lang/String;Z)Ljava/lang/Object; @ 20 c2
Event: 7.629 Thread 0x000001a177cd6590 DEOPT PACKING pc=0x000001a107bc9010 sp=0x00000095c78fdb40
Event: 7.629 Thread 0x000001a177cd6590 DEOPT UNPACKING pc=0x000001a1075869a3 sp=0x00000095c78fdad8 mode 2
Event: 7.778 Thread 0x000001a177cd6590 Uncommon trap: trap_request=0xffffff45 fr.pc=0x000001a107bb85f0 relative=0x0000000000000810
Event: 7.778 Thread 0x000001a177cd6590 Uncommon trap: reason=unstable_if action=reinterpret pc=0x000001a107bb85f0 method=org.springframework.util.ConcurrentReferenceHashMap$Segment.findInChain(Lorg/springframework/util/ConcurrentReferenceHashMap$Reference;Ljava/lang/Object;I)Lorg/springframewo
Event: 7.778 Thread 0x000001a177cd6590 DEOPT PACKING pc=0x000001a107bb85f0 sp=0x00000095c78fcf10
Event: 7.778 Thread 0x000001a177cd6590 DEOPT UNPACKING pc=0x000001a1075869a3 sp=0x00000095c78fcdc0 mode 2
Event: 7.778 Thread 0x000001a177cd6590 Uncommon trap: trap_request=0xffffff45 fr.pc=0x000001a107bafc54 relative=0x0000000000000214
Event: 7.778 Thread 0x000001a177cd6590 Uncommon trap: reason=unstable_if action=reinterpret pc=0x000001a107bafc54 method=org.springframework.util.ConcurrentReferenceHashMap$Segment.findInChain(Lorg/springframework/util/ConcurrentReferenceHashMap$Reference;Ljava/lang/Object;I)Lorg/springframewo
Event: 7.778 Thread 0x000001a177cd6590 DEOPT PACKING pc=0x000001a107bafc54 sp=0x00000095c78fccf0
Event: 7.778 Thread 0x000001a177cd6590 DEOPT UNPACKING pc=0x000001a1075869a3 sp=0x00000095c78fcc98 mode 2
Event: 7.778 Thread 0x000001a177cd6590 Uncommon trap: trap_request=0xffffff45 fr.pc=0x000001a107bb9aac relative=0x00000000000006cc
Event: 7.778 Thread 0x000001a177cd6590 Uncommon trap: reason=unstable_if action=reinterpret pc=0x000001a107bb9aac method=org.springframework.util.ConcurrentReferenceHashMap$Segment.findInChain(Lorg/springframework/util/ConcurrentReferenceHashMap$Reference;Ljava/lang/Object;I)Lorg/springframewo
Event: 7.778 Thread 0x000001a177cd6590 DEOPT PACKING pc=0x000001a107bb9aac sp=0x00000095c78fce80
Event: 7.778 Thread 0x000001a177cd6590 DEOPT UNPACKING pc=0x000001a1075869a3 sp=0x00000095c78fcdb8 mode 2

Classes unloaded (0 events):
No events

Classes redefined (0 events):
No events

Internal exceptions (20 events):
Event: 7.663 Thread 0x000001a177cd6590 Exception <a 'java/lang/ClassNotFoundException'{0x0000000085a81700}: org/springframework/aop/framework/ProxyConfigCustomizer> (0x0000000085a81700) 
thrown [s\src\hotspot\share\classfile\systemDictionary.cpp, line 256]
Event: 7.665 Thread 0x000001a177cd6590 Exception <a 'java/lang/ClassNotFoundException'{0x0000000085a8e2e8}: org/springframework/aop/framework/ProxyProcessorSupportCustomizer> (0x0000000085a8e2e8) 
thrown [s\src\hotspot\share\classfile\systemDictionary.cpp, line 256]
Event: 7.666 Thread 0x000001a177cd6590 Exception <a 'java/lang/ClassNotFoundException'{0x0000000085a97918}: org/springframework/aop/framework/autoproxy/AbstractAutoProxyCreatorCustomizer> (0x0000000085a97918) 
thrown [s\src\hotspot\share\classfile\systemDictionary.cpp, line 256]
Event: 7.668 Thread 0x000001a177cd6590 Exception <a 'java/lang/ClassNotFoundException'{0x0000000085aad588}: org/springframework/aop/framework/autoproxy/AbstractAdvisorAutoProxyCreatorCustomizer> (0x0000000085aad588) 
thrown [s\src\hotspot\share\classfile\systemDictionary.cpp, line 256]
Event: 7.670 Thread 0x000001a177cd6590 Exception <a 'java/lang/ClassNotFoundException'{0x0000000085ab6708}: org/springframework/aop/aspectj/autoproxy/AspectJAwareAdvisorAutoProxyCreatorCustomizer> (0x0000000085ab6708) 
thrown [s\src\hotspot\share\classfile\systemDictionary.cpp, line 256]
Event: 7.672 Thread 0x000001a177cd6590 Exception <a 'java/lang/ClassNotFoundException'{0x0000000085abdfc8}: org/springframework/aop/aspectj/annotation/AnnotationAwareAspectJAutoProxyCreatorCustomizer> (0x0000000085abdfc8) 
thrown [s\src\hotspot\share\classfile\systemDictionary.cpp, line 256]
Event: 7.675 Thread 0x000001a177cd6590 Exception <a 'java/lang/ClassNotFoundException'{0x0000000085ad6a60}: org/springframework/beans/factory/config/SmartInstantiationAwareBeanPostProcessorCustomizer> (0x0000000085ad6a60) 
thrown [s\src\hotspot\share\classfile\systemDictionary.cpp, line 256]
Event: 7.676 Thread 0x000001a177cd6590 Exception <a 'java/lang/ClassNotFoundException'{0x0000000085adf8f0}: org/springframework/beans/factory/config/InstantiationAwareBeanPostProcessorCustomizer> (0x0000000085adf8f0) 
thrown [s\src\hotspot\share\classfile\systemDictionary.cpp, line 256]
Event: 7.676 Thread 0x000001a177cd6590 Exception <a 'java/lang/ClassNotFoundException'{0x0000000085ae8028}: org/springframework/beans/factory/config/BeanPostProcessorCustomizer> (0x0000000085ae8028) 
thrown [s\src\hotspot\share\classfile\systemDictionary.cpp, line 256]
Event: 7.677 Thread 0x000001a177cd6590 Exception <a 'java/lang/ClassNotFoundException'{0x0000000085aee1a8}: org/springframework/beans/factory/BeanFactoryAwareCustomizer> (0x0000000085aee1a8) 
thrown [s\src\hotspot\share\classfile\systemDictionary.cpp, line 256]
Event: 7.678 Thread 0x000001a177cd6590 Exception <a 'java/lang/ClassNotFoundException'{0x0000000085af4218}: org/springframework/beans/factory/AwareCustomizer> (0x0000000085af4218) 
thrown [s\src\hotspot\share\classfile\systemDictionary.cpp, line 256]
Event: 7.678 Thread 0x000001a177cd6590 Exception <a 'java/lang/ClassNotFoundException'{0x0000000085af8738}: org/springframework/core/OrderedCustomizer> (0x0000000085af8738) 
thrown [s\src\hotspot\share\classfile\systemDictionary.cpp, line 256]
Event: 7.678 Thread 0x000001a177cd6590 Exception <a 'java/lang/ClassNotFoundException'{0x0000000085afdcf8}: org/springframework/beans/factory/BeanClassLoaderAwareCustomizer> (0x0000000085afdcf8) 
thrown [s\src\hotspot\share\classfile\systemDictionary.cpp, line 256]
Event: 7.679 Thread 0x000001a177cd6590 Exception <a 'java/lang/ClassNotFoundException'{0x00000000859037c8}: org/springframework/beans/factory/AwareCustomizer> (0x00000000859037c8) 
thrown [s\src\hotspot\share\classfile\systemDictionary.cpp, line 256]
Event: 7.679 Thread 0x000001a177cd6590 Exception <a 'java/lang/ClassNotFoundException'{0x0000000085908248}: org/springframework/aop/framework/AopInfrastructureBeanCustomizer> (0x0000000085908248) 
thrown [s\src\hotspot\share\classfile\systemDictionary.cpp, line 256]
Event: 7.755 Thread 0x000001a177cd6590 Exception <a 'java/lang/ClassNotFoundException'{0x00000000858acc90}: java/lang/ObjectCustomizer> (0x00000000858acc90) 
thrown [s\src\hotspot\share\classfile\systemDictionary.cpp, line 256]
Event: 7.756 Thread 0x000001a177cd6590 Exception <a 'java/lang/ClassNotFoundException'{0x00000000858b5240}: org/springframework/transaction/annotation/AbstractTransactionManagementConfigurationCustomizer> (0x00000000858b5240) 
thrown [s\src\hotspot\share\classfile\systemDictionary.cpp, line 256]
Event: 7.757 Thread 0x000001a177cd6590 Exception <a 'java/lang/ClassNotFoundException'{0x00000000858bc9f0}: org/springframework/transaction/annotation/ProxyTransactionManagementConfigurationCustomizer> (0x00000000858bc9f0) 
thrown [s\src\hotspot\share\classfile\systemDictionary.cpp, line 256]
Event: 7.758 Thread 0x000001a177cd6590 Exception <a 'java/lang/ClassNotFoundException'{0x00000000858c5340}: org/springframework/context/annotation/ImportAwareCustomizer> (0x00000000858c5340) 
thrown [s\src\hotspot\share\classfile\systemDictionary.cpp, line 256]
Event: 7.758 Thread 0x000001a177cd6590 Exception <a 'java/lang/ClassNotFoundException'{0x00000000858cad30}: org/springframework/beans/factory/AwareCustomizer> (0x00000000858cad30) 
thrown [s\src\hotspot\share\classfile\systemDictionary.cpp, line 256]

VM Operations (20 events):
Event: 6.798 Executing VM operation: HandshakeAllThreads
Event: 6.798 Executing VM operation: HandshakeAllThreads done
Event: 7.193 Executing VM operation: HandshakeAllThreads
Event: 7.193 Executing VM operation: HandshakeAllThreads done
Event: 7.206 Executing VM operation: HandshakeAllThreads
Event: 7.206 Executing VM operation: HandshakeAllThreads done
Event: 7.453 Executing VM operation: HandshakeAllThreads
Event: 7.453 Executing VM operation: HandshakeAllThreads done
Event: 7.569 Executing VM operation: HandshakeAllThreads
Event: 7.569 Executing VM operation: HandshakeAllThreads done
Event: 7.659 Executing VM operation: HandshakeAllThreads
Event: 7.659 Executing VM operation: HandshakeAllThreads done
Event: 7.660 Executing VM operation: HandshakeAllThreads
Event: 7.660 Executing VM operation: HandshakeAllThreads done
Event: 7.778 Executing VM operation: HandshakeAllThreads
Event: 7.779 Executing VM operation: HandshakeAllThreads done
Event: 7.779 Executing VM operation: Cleanup
Event: 7.779 Executing VM operation: Cleanup done
Event: 7.789 Executing VM operation: CollectForMetadataAllocation
Event: 7.806 Executing VM operation: CollectForMetadataAllocation done

Events (20 events):
Event: 7.662 loading class java/lang/ObjectCustomizer
Event: 7.662 loading class java/lang/ObjectCustomizer done
Event: 7.666 loading class sun/reflect/generics/reflectiveObjects/GenericArrayTypeImpl
Event: 7.666 loading class sun/reflect/generics/reflectiveObjects/GenericArrayTypeImpl done
Event: 7.731 loading class java/lang/Class$EnclosingMethodInfo
Event: 7.731 loading class java/lang/Class$EnclosingMethodInfo done
Event: 7.755 loading class java/lang/ObjectCustomizer
Event: 7.755 loading class java/lang/ObjectCustomizer done
Event: 7.755 loading class java/lang/ObjectCustomizer
Event: 7.755 loading class java/lang/ObjectCustomizer done
Event: 7.788 loading class java/io/ObjectInputStream
Event: 7.808 loading class java/io/ObjectInput
Event: 7.808 loading class java/io/ObjectInput done
Event: 7.808 loading class java/io/ObjectStreamConstants
Event: 7.808 loading class java/io/ObjectStreamConstants done
Event: 7.809 loading class java/io/ObjectInputStream done
Event: 7.809 loading class java/io/ObjectOutputStream
Event: 7.810 loading class java/io/ObjectOutput
Event: 7.810 loading class java/io/ObjectOutput done
Event: 7.810 loading class java/io/ObjectOutputStream done


Dynamic libraries:
0x00007ff6df9a0000 - 0x00007ff6df9ad000 	C:\Users\SZ-Agent\.jdks\corretto-17.0.7\bin\java.exe
0x00007ffdfa0b0000 - 0x00007ffdfa2a8000 	C:\WINDOWS\SYSTEM32\ntdll.dll
0x00007ffdf8d70000 - 0x00007ffdf8e2f000 	C:\WINDOWS\System32\KERNEL32.DLL
0x00007ffdf7a20000 - 0x00007ffdf7d16000 	C:\WINDOWS\System32\KERNELBASE.dll
0x00007ffdf7ea0000 - 0x00007ffdf7fa0000 	C:\WINDOWS\System32\ucrtbase.dll
0x00007ffde0940000 - 0x00007ffde0955000 	C:\Users\SZ-Agent\.jdks\corretto-17.0.7\bin\VCRUNTIME140.dll
0x00007ffdf1c30000 - 0x00007ffdf1c47000 	C:\Users\SZ-Agent\.jdks\corretto-17.0.7\bin\jli.dll
0x00007ffdf8b70000 - 0x00007ffdf8d0d000 	C:\WINDOWS\System32\USER32.dll
0x00007ffdde640000 - 0x00007ffdde8da000 	C:\WINDOWS\WinSxS\amd64_microsoft.windows.common-controls_6595b64144ccf1df_6.0.19041.1110_none_60b5254171f9507e\COMCTL32.dll
0x00007ffdf7dd0000 - 0x00007ffdf7df2000 	C:\WINDOWS\System32\win32u.dll
0x00007ffdf86b0000 - 0x00007ffdf86dc000 	C:\WINDOWS\System32\GDI32.dll
0x00007ffdf9ae0000 - 0x00007ffdf9b7e000 	C:\WINDOWS\System32\msvcrt.dll
0x00007ffdf7fa0000 - 0x00007ffdf80b5000 	C:\WINDOWS\System32\gdi32full.dll
0x00007ffdf7e00000 - 0x00007ffdf7e9d000 	C:\WINDOWS\System32\msvcp_win.dll
0x00007ffdf82f0000 - 0x00007ffdf8320000 	C:\WINDOWS\System32\IMM32.DLL
0x00007ffdc1010000 - 0x00007ffdc10ab000 	C:\Users\SZ-Agent\.jdks\corretto-17.0.7\bin\msvcp140.dll
0x00007ffd8f6a0000 - 0x00007ffd902ba000 	C:\Users\SZ-Agent\.jdks\corretto-17.0.7\bin\server\jvm.dll
0x00007ffdf8110000 - 0x00007ffdf81bf000 	C:\WINDOWS\System32\ADVAPI32.dll
0x00007ffdf8610000 - 0x00007ffdf86ac000 	C:\WINDOWS\System32\sechost.dll
0x00007ffdf81c0000 - 0x00007ffdf82e6000 	C:\WINDOWS\System32\RPCRT4.dll
0x00007ffdf0300000 - 0x00007ffdf030a000 	C:\WINDOWS\SYSTEM32\VERSION.dll
0x00007ffde7820000 - 0x00007ffde7829000 	C:\WINDOWS\SYSTEM32\WSOCK32.dll
0x00007ffded310000 - 0x00007ffded337000 	C:\WINDOWS\SYSTEM32\WINMM.dll
0x00007ffdf86e0000 - 0x00007ffdf874b000 	C:\WINDOWS\System32\WS2_32.dll
0x00007ffdf6140000 - 0x00007ffdf6152000 	C:\WINDOWS\SYSTEM32\kernel.appcore.dll
0x00007ffdf24d0000 - 0x00007ffdf24da000 	C:\Users\SZ-Agent\.jdks\corretto-17.0.7\bin\jimage.dll
0x00007ffdf5a40000 - 0x00007ffdf5c24000 	C:\WINDOWS\SYSTEM32\DBGHELP.DLL
0x00007ffddae40000 - 0x00007ffddae74000 	C:\WINDOWS\SYSTEM32\dbgcore.DLL
0x00007ffdf7800000 - 0x00007ffdf7882000 	C:\WINDOWS\System32\bcryptPrimitives.dll
0x00007ffdd46e0000 - 0x00007ffdd4705000 	C:\Users\SZ-Agent\.jdks\corretto-17.0.7\bin\java.dll
0x00007ffdc34c0000 - 0x00007ffdc3596000 	C:\Users\SZ-Agent\.jdks\corretto-17.0.7\bin\jsvml.dll
0x00007ffdf8e30000 - 0x00007ffdf9574000 	C:\WINDOWS\System32\SHELL32.dll
0x00007ffdf51e0000 - 0x00007ffdf5973000 	C:\WINDOWS\SYSTEM32\windows.storage.dll
0x00007ffdf9d10000 - 0x00007ffdfa064000 	C:\WINDOWS\System32\combase.dll
0x00007ffdf7100000 - 0x00007ffdf712e000 	C:\WINDOWS\SYSTEM32\Wldp.dll
0x00007ffdf8ac0000 - 0x00007ffdf8b6d000 	C:\WINDOWS\System32\SHCORE.dll
0x00007ffdf8d10000 - 0x00007ffdf8d65000 	C:\WINDOWS\System32\shlwapi.dll
0x00007ffdf76d0000 - 0x00007ffdf76ef000 	C:\WINDOWS\SYSTEM32\profapi.dll
0x00007ffdf2e00000 - 0x00007ffdf2e19000 	C:\Users\SZ-Agent\.jdks\corretto-17.0.7\bin\net.dll
0x00007ffdf0880000 - 0x00007ffdf098a000 	C:\WINDOWS\SYSTEM32\WINHTTP.dll
0x00007ffdf6ee0000 - 0x00007ffdf6f4a000 	C:\WINDOWS\system32\mswsock.dll
0x00007ffdf24e0000 - 0x00007ffdf24f5000 	C:\Users\SZ-Agent\.jdks\corretto-17.0.7\bin\nio.dll
0x00007ffdd5f10000 - 0x00007ffdd5f28000 	C:\Users\SZ-Agent\.jdks\corretto-17.0.7\bin\zip.dll
0x00007ffdde490000 - 0x00007ffdde4a0000 	C:\Users\SZ-Agent\.jdks\corretto-17.0.7\bin\verify.dll
0x00007ffdde4a0000 - 0x00007ffdde4a9000 	C:\Users\SZ-Agent\.jdks\corretto-17.0.7\bin\management.dll
0x00007ffdde000000 - 0x00007ffdde00b000 	C:\Users\SZ-Agent\.jdks\corretto-17.0.7\bin\management_ext.dll
0x00007ffdf8ab0000 - 0x00007ffdf8ab8000 	C:\WINDOWS\System32\PSAPI.DLL
0x00007ffddc550000 - 0x00007ffddc567000 	C:\WINDOWS\system32\napinsp.dll
0x00007ffddc570000 - 0x00007ffddc58b000 	C:\WINDOWS\system32\pnrpnsp.dll
0x00007ffddc590000 - 0x00007ffddc5a5000 	C:\WINDOWS\system32\wshbth.dll
0x00007ffdf2db0000 - 0x00007ffdf2dcd000 	C:\WINDOWS\system32\NLAapi.dll
0x00007ffdf6ba0000 - 0x00007ffdf6bdc000 	C:\WINDOWS\SYSTEM32\IPHLPAPI.DLL
0x00007ffdf6bf0000 - 0x00007ffdf6cba000 	C:\WINDOWS\SYSTEM32\DNSAPI.dll
0x00007ffdf8600000 - 0x00007ffdf8608000 	C:\WINDOWS\System32\NSI.dll
0x00007ffddcb60000 - 0x00007ffddcb72000 	C:\WINDOWS\System32\winrnr.dll
0x00007ffded940000 - 0x00007ffded94a000 	C:\Windows\System32\rasadhlp.dll
0x00007ffdf20f0000 - 0x00007ffdf2172000 	C:\WINDOWS\System32\fwpuclnt.dll
0x00007ffdf7890000 - 0x00007ffdf78b7000 	C:\WINDOWS\System32\bcrypt.dll

dbghelp: loaded successfully - version: 4.0.5 - missing functions: none
symbol engine: initialized successfully - sym options: 0x614 - pdb path: .;C:\Users\SZ-Agent\.jdks\corretto-17.0.7\bin;C:\WINDOWS\SYSTEM32;C:\WINDOWS\WinSxS\amd64_microsoft.windows.common-controls_6595b64144ccf1df_6.0.19041.1110_none_60b5254171f9507e;C:\Users\SZ-Agent\.jdks\corretto-17.0.7\bin\server

VM Arguments:
jvm_args: -Dfile.encoding=windows-1252 -Duser.country=US -Duser.language=en -Duser.variant 
java_command: com.hcc.BackendApplication
java_class_path (initial): C:\Users\SZ-Agent\AMP-Academy\Sprint33-36\LABS\try\BloomCodeCamp-be-a-starter\build\classes\java\main;C:\Users\SZ-Agent\AMP-Academy\Sprint33-36\LABS\try\BloomCodeCamp-be-a-starter\build\resources\main;C:\Users\SZ-Agent\.gradle\caches\modules-2\files-2.1\org.springframework.boot\spring-boot-starter-data-jpa\2.7.8-SNAPSHOT\3c7d1fbda25799da014081637f2935b94f7e6ed6\spring-boot-starter-data-jpa-2.7.8-SNAPSHOT.jar;C:\Users\SZ-Agent\.gradle\caches\modules-2\files-2.1\org.springframework.boot\spring-boot-starter-security\2.7.8-SNAPSHOT\4e803a8b5f71e57958c4cdd9afee5b95191ddfdd\spring-boot-starter-security-2.7.8-SNAPSHOT.jar;C:\Users\SZ-Agent\.gradle\caches\modules-2\files-2.1\org.springframework.boot\spring-boot-starter-web\2.7.8-SNAPSHOT\4a737eb41a7b13091c1b4dd0363aba198eeb7a15\spring-boot-starter-web-2.7.8-SNAPSHOT.jar;C:\Users\SZ-Agent\.gradle\caches\modules-2\files-2.1\com.h2database\h2\2.1.214\d5c2005c9e3279201e12d4776c948578b16bf8b2\h2-2.1.214.jar;C:\Users\SZ-Agent\.gradle\caches\modules-2\files-2.1\io.jsonwebtoken\jjwt-api\0.11.5\f742940045619d06383e7df37b21ac422b476cf1\jjwt-api-0.11.5.jar;C:\Users\SZ-Agent\.gradle\caches\modules-2\files-2.1\org.projectlombok\lombok\1.18.26\8f8cf0372abf564913e9796623aac4c8ea44025a\lombok-1.18.26.jar;C:\Users\SZ-Agent\.gradle\caches\modules-2\files-2.1\org.postgresql\postgresql\42.3.8\d81533a6ff4376590f9ce7ba74b8f3723066f25c\postgresql-42.3.8.jar;C:\Users\SZ-Agent\.gradle\caches\modules-2\files-2.1\org.springframework.boot\spring-boot-starter-aop\2.7.8-SNAPSHOT\d806a7de3d3b55e7efce8fa2e443218698fb28a\spring-boot-starter-aop-2.7.8-SNAPSHOT.jar;C:\Users\SZ-Agent\.gradle\caches\modules-2\files-2.1\org.springframework.boot\spring-boot-starter-jdbc\2.7.8-SNAPSHOT\c4ac9a0f2fdc842a25800022dd50e0332fcd44dd\spring-boot-starter-jdbc-2.7.8-SNAPSHOT.jar;C:\Users\SZ-Agent\.gradle\caches\modules-2\files-2.1\jakarta.transaction\jakarta.transaction-api\1.3.3\c4179d48720a1e87202115fbed6089bdc4195405\jakarta.transaction-api-
Launcher Type: SUN_STANDARD

[Global flags]
     intx CICompilerCount                          = 3                                         {product} {ergonomic}
     uint ConcGCThreads                            = 1                                         {product} {ergonomic}
     uint G1ConcRefinementThreads                  = 4                                         {product} {ergonomic}
   size_t G1HeapRegionSize                         = 1048576                                   {product} {ergonomic}
    uintx GCDrainStackTargetSize                   = 64                                        {product} {ergonomic}
   size_t InitialHeapSize                          = 134217728                                 {product} {ergonomic}
   size_t MarkStackSize                            = 4194304                                   {product} {ergonomic}
   size_t MaxHeapSize                              = 2118123520                                {product} {ergonomic}
   size_t MaxNewSize                               = 1270874112                                {product} {ergonomic}
   size_t MinHeapDeltaBytes                        = 1048576                                   {product} {ergonomic}
   size_t MinHeapSize                              = 8388608                                   {product} {ergonomic}
    uintx NonNMethodCodeHeapSize                   = 5832780                                {pd product} {ergonomic}
    uintx NonProfiledCodeHeapSize                  = 122912730                              {pd product} {ergonomic}
    uintx ProfiledCodeHeapSize                     = 122912730                              {pd product} {ergonomic}
    uintx ReservedCodeCacheSize                    = 251658240                              {pd product} {ergonomic}
     bool SegmentedCodeCache                       = true                                      {product} {ergonomic}
   size_t SoftMaxHeapSize                          = 2118123520                             {manageable} {ergonomic}
     bool UseCompressedClassPointers               = true                           {product lp64_product} {ergonomic}
     bool UseCompressedOops                        = true                           {product lp64_product} {ergonomic}
     bool UseG1GC                                  = true                                      {product} {ergonomic}
     bool UseLargePagesIndividualAllocation        = false                                  {pd product} {ergonomic}

Logging:
Log output configuration:
 #0: stdout all=warning uptime,level,tags
 #1: stderr all=off uptime,level,tags

Environment Variables:
JAVA_HOME=C:\Program Files\Java\jdk-17
PATH=C:\Program Files\Common Files\Oracle\Java\javapath;C:\Program Files (x86)\Common Files\Oracle\Java\javapath;C:\Python311\Scripts\;C:\Python311\;C:\Program Files\Amazon Corretto\jdk11.0.16_9\bin;C:\WINDOWS\system32;C:\WINDOWS;C:\WINDOWS\System32\Wbem;C:\WINDOWS\System32\WindowsPowerShell\v1.0\;C:\WINDOWS\System32\OpenSSH\;C:\Program Files\Amazon\AWSCLIV2\;C:\Program Files\nodejs\;C:\ProgramData\chocolatey\bin;C:\Program Files\Docker\Docker\resources\bin;C:\Program Files\Java\jdk-17\bin;C:\Users\SZ-Agent\AppData\Local\Microsoft\WindowsApps;C:\Users\SZ-Agent\AppData\Local\GitHubDesktop\bin;C:\Users\SZ-Agent\AppData\Local\Programs\Git\cmd;C:\Users\SZ-Agent\AppData\Local\Programs\Microsoft VS Code\bin;C:\Users\SZ-Agent\AppData\Roaming\npm;C:\Users\SZ-Agent\AMP-Academy\LABS\spring-3.1.0\bin;C:\Users\SZ-Agent\AppData\Local\Programs\Git\bin;
USERNAME=SZ-Agent
OS=Windows_NT
PROCESSOR_IDENTIFIER=AMD64 Family 21 Model 48 Stepping 1, AuthenticAMD
TMP=C:\Users\SZ-Agent\AppData\Local\Temp
TEMP=C:\Users\SZ-Agent\AppData\Local\Temp



---------------  S Y S T E M  ---------------

OS:
 Windows 10 , 64 bit Build 19041 (10.0.19041.3031)
OS uptime: 0 days 2:37 hours
Hyper-V role detected

CPU: total 4 (initial active 4) (4 cores per cpu, 1 threads per core) family 21 model 48 stepping 1 microcode 0x0, cx8, cmov, fxsr, mmx, 3dnowpref, sse, sse2, sse3, ssse3, sse4a, sse4.1, sse4.2, popcnt, lzcnt, tsc, tscinvbit, avx, aes, clmul, bmi1, fma, vzeroupper, clflush, hv

Memory: 4k page, system-wide physical 8073M (190M free)
TotalPageFile size 16146M (AvailPageFile size 3113M)
current process WorkingSet (physical memory assigned to process): 173M, peak: 176M
current process commit charge ("private bytes"): 257M, peak: 262M

vm_info: OpenJDK 64-Bit Server VM (17.0.7+7-LTS) for windows-amd64 JRE (17.0.7+7-LTS), built on Apr 14 2023 01:39:21 by "Administrator" with MS VC++ 15.9 (VS2017)

END.
